The system is: Windows - 10.0.17134 - AMD64
Compiling the C compiler identification source file "CMakeCCompilerId.c" succeeded.
Compiler: C:/Program Files (x86)/Microsoft Visual Studio/2017/Community/VC/Tools/MSVC/14.14.26428/bin/Hostx86/x86/cl.exe 
Build flags: 
Id flags:  

The output was:
0
Compilador de optimizaci¢n de C/C++ de Microsoft (R) versi¢n 19.14.26433 para x86
(C) Microsoft Corporation. Todos los derechos reservados.

CMakeCCompilerId.c
Microsoft (R) Incremental Linker Version 14.14.26433.0
Copyright (C) Microsoft Corporation.  All rights reserved.

/out:CMakeCCompilerId.exe 
CMakeCCompilerId.obj 


Compilation of the C compiler identification source "CMakeCCompilerId.c" produced "CMakeCCompilerId.exe"

Compilation of the C compiler identification source "CMakeCCompilerId.c" produced "CMakeCCompilerId.obj"

The C compiler identification is MSVC, found in "C:/Users/Jim/CLionProjects/ArrayEx2/cmake-build-debug/CMakeFiles/3.12.0/CompilerIdC/CMakeCCompilerId.exe"

Determining if the C compiler works passed with the following output:
Change Dir: C:/Users/Jim/CLionProjects/ArrayEx2/cmake-build-debug/CMakeFiles/CMakeTmp

Run Build Command:"nmake" "/nologo" "cmTC_1f468\fast"
	"C:\Program Files (x86)\Microsoft Visual Studio\2017\Community\VC\Tools\MSVC\14.14.26428\bin\HostX86\x86\nmake.exe" -f CMakeFiles\cmTC_1f468.dir\build.make /nologo -L                  CMakeFiles\cmTC_1f468.dir\build
Building C object CMakeFiles/cmTC_1f468.dir/testCCompiler.c.obj
	C:\PROGRA~2\MICROS~2\2017\COMMUN~1\VC\Tools\MSVC\1414~1.264\bin\Hostx86\x86\cl.exe @C:\Users\Jim\AppData\Local\Temp\nm8EFB.tmp
testCCompiler.c
Linking C executable cmTC_1f468.exe
	"C:\Program Files\JetBrains\CLion 2018.2.1\bin\cmake\win\bin\cmake.exe" -E vs_link_exe --intdir=CMakeFiles\cmTC_1f468.dir --manifests  -- C:\PROGRA~2\MICROS~2\2017\COMMUN~1\VC\Tools\MSVC\1414~1.264\bin\Hostx86\x86\link.exe /nologo @CMakeFiles\cmTC_1f468.dir\objects1.rsp @C:\Users\Jim\AppData\Local\Temp\nm91BB.tmp


Detecting C compiler ABI info compiled with the following output:
Change Dir: C:/Users/Jim/CLionProjects/ArrayEx2/cmake-build-debug/CMakeFiles/CMakeTmp

Run Build Command:"nmake" "/nologo" "cmTC_34ddb\fast"
	"C:\Program Files (x86)\Microsoft Visual Studio\2017\Community\VC\Tools\MSVC\14.14.26428\bin\HostX86\x86\nmake.exe" -f CMakeFiles\cmTC_34ddb.dir\build.make /nologo -L                  CMakeFiles\cmTC_34ddb.dir\build
Building C object CMakeFiles/cmTC_34ddb.dir/CMakeCCompilerABI.c.obj
	C:\PROGRA~2\MICROS~2\2017\COMMUN~1\VC\Tools\MSVC\1414~1.264\bin\Hostx86\x86\cl.exe @C:\Users\Jim\AppData\Local\Temp\nm9C0B.tmp
CMakeCCompilerABI.c
Linking C executable cmTC_34ddb.exe
	"C:\Program Files\JetBrains\CLion 2018.2.1\bin\cmake\win\bin\cmake.exe" -E vs_link_exe --intdir=CMakeFiles\cmTC_34ddb.dir --manifests  -- C:\PROGRA~2\MICROS~2\2017\COMMUN~1\VC\Tools\MSVC\1414~1.264\bin\Hostx86\x86\link.exe /nologo @CMakeFiles\cmTC_34ddb.dir\objects1.rsp @C:\Users\Jim\AppData\Local\Temp\nm9CA8.tmp




Detecting C [] compiler features compiled with the following output:
Change Dir: C:/Users/Jim/CLionProjects/ArrayEx2/cmake-build-debug/CMakeFiles/CMakeTmp

Run Build Command:"nmake" "/nologo" "cmTC_c8dc5\fast"
	"C:\Program Files (x86)\Microsoft Visual Studio\2017\Community\VC\Tools\MSVC\14.14.26428\bin\HostX86\x86\nmake.exe" -f CMakeFiles\cmTC_c8dc5.dir\build.make /nologo -L                  CMakeFiles\cmTC_c8dc5.dir\build
Building C object CMakeFiles/cmTC_c8dc5.dir/feature_tests.c.obj
	C:\PROGRA~2\MICROS~2\2017\COMMUN~1\VC\Tools\MSVC\1414~1.264\bin\Hostx86\x86\cl.exe @C:\Users\Jim\AppData\Local\Temp\nmA254.tmp
feature_tests.c
Linking C executable cmTC_c8dc5.exe
	"C:\Program Files\JetBrains\CLion 2018.2.1\bin\cmake\win\bin\cmake.exe" -E vs_link_exe --intdir=CMakeFiles\cmTC_c8dc5.dir --manifests  -- C:\PROGRA~2\MICROS~2\2017\COMMUN~1\VC\Tools\MSVC\1414~1.264\bin\Hostx86\x86\link.exe /nologo @CMakeFiles\cmTC_c8dc5.dir\objects1.rsp @C:\Users\Jim\AppData\Local\Temp\nmA2D2.tmp


    Feature record: C_FEATURE:1c_function_prototypes
    Feature record: C_FEATURE:1c_variadic_macros
